Performing C SOURCE FILE Test CMAKE_HAVE_LIBC_PTHREAD failed with the following output:
Change Dir: /home/fb/SLAM/BundleFusion_Ubuntu/build/CMakeFiles/CMakeTmp

Run Build Command(s):/usr/bin/make cmTC_e64ef/fast && /usr/bin/make -f CMakeFiles/cmTC_e64ef.dir/build.make CMakeFiles/cmTC_e64ef.dir/build
make[1]: Entering directory '/home/fb/SLAM/BundleFusion_Ubuntu/build/CMakeFiles/CMakeTmp'
Building C object CMakeFiles/cmTC_e64ef.dir/src.c.o
/usr/bin/cc   -fPIC -DCMAKE_HAVE_LIBC_PTHREAD   -o CMakeFiles/cmTC_e64ef.dir/src.c.o   -c /home/fb/SLAM/BundleFusion_Ubuntu/build/CMakeFiles/CMakeTmp/src.c
Linking C executable cmTC_e64ef
/opt/cmake/bin/cmake -E cmake_link_script CMakeFiles/cmTC_e64ef.dir/link.txt --verbose=1
/usr/bin/cc -fPIC -DCMAKE_HAVE_LIBC_PTHREAD    CMakeFiles/cmTC_e64ef.dir/src.c.o  -o cmTC_e64ef 
CMakeFiles/cmTC_e64ef.dir/src.c.o：在函数‘main’中：
src.c:(.text+0x3e)：对‘pthread_create’未定义的引用
src.c:(.text+0x4a)：对‘pthread_detach’未定义的引用
src.c:(.text+0x5b)：对‘pthread_join’未定义的引用
src.c:(.text+0x6f)：对‘pthread_atfork’未定义的引用
collect2: error: ld returned 1 exit status
CMakeFiles/cmTC_e64ef.dir/build.make:86: recipe for target 'cmTC_e64ef' failed
make[1]: *** [cmTC_e64ef] Error 1
make[1]: Leaving directory '/home/fb/SLAM/BundleFusion_Ubuntu/build/CMakeFiles/CMakeTmp'
Makefile:121: recipe for target 'cmTC_e64ef/fast' failed
make: *** [cmTC_e64ef/fast] Error 2


Source file was:
#include <pthread.h>

void* test_func(void* data)
{
  return data;
}

int main(void)
{
  pthread_t thread;
  pthread_create(&thread, NULL, test_func, NULL);
  pthread_detach(thread);
  pthread_join(thread, NULL);
  pthread_atfork(NULL, NULL, NULL);
  pthread_exit(NULL);

  return 0;
}

Determining if the function pthread_create exists in the pthreads failed with the following output:
Change Dir: /home/fb/SLAM/BundleFusion_Ubuntu/build/CMakeFiles/CMakeTmp

Run Build Command(s):/usr/bin/make cmTC_c7b92/fast && /usr/bin/make -f CMakeFiles/cmTC_c7b92.dir/build.make CMakeFiles/cmTC_c7b92.dir/build
make[1]: Entering directory '/home/fb/SLAM/BundleFusion_Ubuntu/build/CMakeFiles/CMakeTmp'
Building C object CMakeFiles/cmTC_c7b92.dir/CheckFunctionExists.c.o
/usr/bin/cc   -fPIC -DCHECK_FUNCTION_EXISTS=pthread_create   -o CMakeFiles/cmTC_c7b92.dir/CheckFunctionExists.c.o   -c /opt/cmake/share/cmake-3.15/Modules/CheckFunctionExists.c
Linking C executable cmTC_c7b92
/opt/cmake/bin/cmake -E cmake_link_script CMakeFiles/cmTC_c7b92.dir/link.txt --verbose=1
/usr/bin/cc -fPIC -DCHECK_FUNCTION_EXISTS=pthread_create    CMakeFiles/cmTC_c7b92.dir/CheckFunctionExists.c.o  -o cmTC_c7b92 -lpthreads 
/usr/bin/ld: 找不到 -lpthreads
collect2: error: ld returned 1 exit status
CMakeFiles/cmTC_c7b92.dir/build.make:86: recipe for target 'cmTC_c7b92' failed
make[1]: *** [cmTC_c7b92] Error 1
make[1]: Leaving directory '/home/fb/SLAM/BundleFusion_Ubuntu/build/CMakeFiles/CMakeTmp'
Makefile:121: recipe for target 'cmTC_c7b92/fast' failed
make: *** [cmTC_c7b92/fast] Error 2



